# JRE version: OpenJDK Runtime Environment (8.0_152-b01) (build 1.8.0_152-release-915-b01)
# Java VM: OpenJDK 64-Bit Server VM (25.152-b01 mixed mode linux-amd64 compressed oops)
Heap:
 PSYoungGen      total 407552K, used 36425K [0x00000000e0000000, 0x00000000fc980000, 0x0000000100000000)
  eden space 352768K, 0% used [0x00000000e0000000,0x00000000e0000000,0x00000000f5880000)
  from space 54784K, 66% used [0x00000000f9400000,0x00000000fb7927d0,0x00000000fc980000)
  to   space 45056K, 0% used [0x00000000f6800000,0x00000000f6800000,0x00000000f9400000)
 ParOldGen       total 148480K, used 88317K [0x00000000a0000000, 0x00000000a9100000, 0x00000000e0000000)
  object space 148480K, 59% used [0x00000000a0000000,0x00000000a563f448,0x00000000a9100000)
 Metaspace       used 93295K, capacity 102270K, committed 102360K, reserved 1138688K
  class space    used 11739K, capacity 13792K, committed 13824K, reserved 1048576K
GC Heap History (10 events):
Event: 3811,414 GC heap after
Heap after GC invocations=33 (full 4):
 PSYoungGen      total 462336K, used 40086K [0x00000000e0000000, 0x0000000100000000, 0x0000000100000000)
  eden space 421888K, 0% used [0x00000000e0000000,0x00000000e0000000,0x00000000f9c00000)
  from space 40448K, 99% used [0x00000000f9c00000,0x00000000fc325ad0,0x00000000fc380000)
  to   space 53760K, 0% used [0x00000000fcb80000,0x00000000fcb80000,0x0000000100000000)
 ParOldGen       total 148480K, used 84587K [0x00000000a0000000, 0x00000000a9100000, 0x00000000e0000000)
  object space 148480K, 56% used [0x00000000a0000000,0x00000000a529ae60,0x00000000a9100000)
 Metaspace       used 91888K, capacity 99768K, committed 99928K, reserved 1136640K
  class space    used 11573K, capacity 13323K, committed 13440K, reserved 1048576K
}
Event: 5206,957 GC heap before
{Heap before GC invocations=34 (full 4):
 PSYoungGen      total 462336K, used 461974K [0x00000000e0000000, 0x0000000100000000, 0x0000000100000000)
  eden space 421888K, 100% used [0x00000000e0000000,0x00000000f9c00000,0x00000000f9c00000)
  from space 40448K, 99% used [0x00000000f9c00000,0x00000000fc325ad0,0x00000000fc380000)
  to   space 53760K, 0% used [0x00000000fcb80000,0x00000000fcb80000,0x0000000100000000)
 ParOldGen       total 148480K, used 84587K [0x00000000a0000000, 0x00000000a9100000, 0x00000000e0000000)
  object space 148480K, 56% used [0x00000000a0000000,0x00000000a529ae60,0x00000000a9100000)
 Metaspace       used 92150K, capacity 100274K, committed 100440K, reserved 1136640K
  class space    used 11608K, capacity 13426K, committed 13440K, reserved 1048576K
Event: 5207,892 GC heap after
Heap after GC invocations=34 (full 4):
 PSYoungGen      total 440832K, used 27756K [0x00000000e0000000, 0x00000000ff000000, 0x0000000100000000)
  eden space 403456K, 0% used [0x00000000e0000000,0x00000000e0000000,0x00000000f8a00000)
  from space 37376K, 74% used [0x00000000fcb80000,0x00000000fe69b328,0x00000000ff000000)
  to   space 52224K, 0% used [0x00000000f8a00000,0x00000000f8a00000,0x00000000fbd00000)
 ParOldGen       total 148480K, used 84851K [0x00000000a0000000, 0x00000000a9100000, 0x00000000e0000000)
  object space 148480K, 57% used [0x00000000a0000000,0x00000000a52dce78,0x00000000a9100000)
 Metaspace       used 92150K, capacity 100274K, committed 100440K, reserved 1136640K
  class space    used 11608K, capacity 13426K, committed 13440K, reserved 1048576K
}
Event: 5459,834 GC heap before
{Heap before GC invocations=35 (full 4):
 PSYoungGen      total 440832K, used 431212K [0x00000000e0000000, 0x00000000ff000000, 0x0000000100000000)
  eden space 403456K, 100% used [0x00000000e0000000,0x00000000f8a00000,0x00000000f8a00000)
  from space 37376K, 74% used [0x00000000fcb80000,0x00000000fe69b328,0x00000000ff000000)
  to   space 52224K, 0% used [0x00000000f8a00000,0x00000000f8a00000,0x00000000fbd00000)
 ParOldGen       total 148480K, used 84851K [0x00000000a0000000, 0x00000000a9100000, 0x00000000e0000000)
  object space 148480K, 57% used [0x00000000a0000000,0x00000000a52dce78,0x00000000a9100000)
 Metaspace       used 92543K, capacity 100936K, committed 101080K, reserved 1136640K
  class space    used 11648K, capacity 13533K, committed 13568K, reserved 1048576K
Event: 5461,177 GC heap after
Heap after GC invocations=35 (full 4):
 PSYoungGen      total 422400K, used 36793K [0x00000000e0000000, 0x00000000fe180000, 0x0000000100000000)
  eden space 385536K, 0% used [0x00000000e0000000,0x00000000e0000000,0x00000000f7880000)
  from space 36864K, 99% used [0x00000000f8a00000,0x00000000fadee690,0x00000000fae00000)
  to   space 52736K, 0% used [0x00000000fae00000,0x00000000fae00000,0x00000000fe180000)
 ParOldGen       total 148480K, used 84859K [0x00000000a0000000, 0x00000000a9100000, 0x00000000e0000000)
  object space 148480K, 57% used [0x00000000a0000000,0x00000000a52dee78,0x00000000a9100000)
 Metaspace       used 92543K, capacity 100936K, committed 101080K, reserved 1136640K
  class space    used 11648K, capacity 13533K, committed 13568K, reserved 1048576K
}
Event: 5567,652 GC heap before
{Heap before GC invocations=36 (full 4):
 PSYoungGen      total 422400K, used 422329K [0x00000000e0000000, 0x00000000fe180000, 0x0000000100000000)
  eden space 385536K, 100% used [0x00000000e0000000,0x00000000f7880000,0x00000000f7880000)
  from space 36864K, 99% used [0x00000000f8a00000,0x00000000fadee690,0x00000000fae00000)
  to   space 52736K, 0% used [0x00000000fae00000,0x00000000fae00000,0x00000000fe180000)
 ParOldGen       total 148480K, used 84859K [0x00000000a0000000, 0x00000000a9100000, 0x00000000e0000000)
  object space 148480K, 57% used [0x00000000a0000000,0x00000000a52dee78,0x00000000a9100000)
 Metaspace       used 92732K, capacity 101238K, committed 101464K, reserved 1136640K
  class space    used 11664K, capacity 13582K, committed 13696K, reserved 1048576K
Event: 5568,180 GC heap after
Heap after GC invocations=36 (full 4):
 PSYoungGen      total 405504K, used 35444K [0x00000000e0000000, 0x00000000fd200000, 0x0000000100000000)
  eden space 368640K, 0% used [0x00000000e0000000,0x00000000e0000000,0x00000000f6800000)
  from space 36864K, 96% used [0x00000000fae00000,0x00000000fd09d350,0x00000000fd200000)
  to   space 54272K, 0% used [0x00000000f6800000,0x00000000f6800000,0x00000000f9d00000)
 ParOldGen       total 148480K, used 84867K [0x00000000a0000000, 0x00000000a9100000, 0x00000000e0000000)
  object space 148480K, 57% used [0x00000000a0000000,0x00000000a52e0e78,0x00000000a9100000)
 Metaspace       used 92732K, capacity 101238K, committed 101464K, reserved 1136640K
  class space    used 11664K, capacity 13582K, committed 13696K, reserved 1048576K
}
Event: 5882,773 GC heap before
{Heap before GC invocations=37 (full 4):
 PSYoungGen      total 405504K, used 404084K [0x00000000e0000000, 0x00000000fd200000, 0x0000000100000000)
  eden space 368640K, 100% used [0x00000000e0000000,0x00000000f6800000,0x00000000f6800000)
  from space 36864K, 96% used [0x00000000fae00000,0x00000000fd09d350,0x00000000fd200000)
  to   space 54272K, 0% used [0x00000000f6800000,0x00000000f6800000,0x00000000f9d00000)
 ParOldGen       total 148480K, used 84867K [0x00000000a0000000, 0x00000000a9100000, 0x00000000e0000000)
  object space 148480K, 57% used [0x00000000a0000000,0x00000000a52e0e78,0x00000000a9100000)
 Metaspace       used 92990K, capacity 101668K, committed 101720K, reserved 1136640K
  class space    used 11696K, capacity 13673K, committed 13696K, reserved 1048576K
Event: 5882,860 GC heap after
Heap after GC invocations=37 (full 4):
 PSYoungGen      total 397824K, used 44704K [0x00000000e0000000, 0x00000000fc980000, 0x0000000100000000)
  eden space 352768K, 0% used [0x00000000e0000000,0x00000000e0000000,0x00000000f5880000)
  from space 45056K, 99% used [0x00000000f6800000,0x00000000f93a83b8,0x00000000f9400000)
  to   space 54784K, 0% used [0x00000000f9400000,0x00000000f9400000,0x00000000fc980000)
 ParOldGen       total 148480K, used 84875K [0x00000000a0000000, 0x00000000a9100000, 0x00000000e0000000)
  object space 148480K, 57% used [0x00000000a0000000,0x00000000a52e2e78,0x00000000a9100000)
 Metaspace       used 92990K, capacity 101668K, committed 101720K, reserved 1136640K
  class space    used 11696K, capacity 13673K, committed 13696K, reserved 1048576K
}
Event: 6430,370 GC heap before
{Heap before GC invocations=38 (full 4):
 PSYoungGen      total 397824K, used 397472K [0x00000000e0000000, 0x00000000fc980000, 0x0000000100000000)
  eden space 352768K, 100% used [0x00000000e0000000,0x00000000f5880000,0x00000000f5880000)
  from space 45056K, 99% used [0x00000000f6800000,0x00000000f93a83b8,0x00000000f9400000)
  to   space 54784K, 0% used [0x00000000f9400000,0x00000000f9400000,0x00000000fc980000)
 ParOldGen       total 148480K, used 84875K [0x00000000a0000000, 0x00000000a9100000, 0x00000000e0000000)
  object space 148480K, 57% used [0x00000000a0000000,0x00000000a52e2e78,0x00000000a9100000)
 Metaspace       used 93295K, capacity 102270K, committed 102360K, reserved 1138688K
  class space    used 11739K, capacity 13792K, committed 13824K, reserved 1048576K

